[1781081045] Simulacion iniciada
[1781081045] Procesos creados
[1781081045] Memoria asignada
[1781081045] Bloque de memoria liberado
[1781081045] Coalescencia ejecutada
[1781081045] Compactacion ejecutada
[1781081045] Planificacion FIFO completada
[1781081045] Simulacion finalizada
[1781081045] Simulacion iniciada
[1781081045] Procesos creados
[1781081045] Memoria asignada
[1781081045] Bloque de memoria liberado
[1781081045] Coalescencia ejecutada
[1781081045] Compactacion ejecutada
[1781081045] Planificacion FIFO completada
[1781081045] Simulacion finalizada
[1781081045] Simulacion iniciada
[1781081045] Procesos creados
[1781081045] Memoria asignada
[1781081045] Bloque de memoria liberado
[1781081045] Coalescencia ejecutada
[1781081045] Compactacion ejecutada
[1781081045] Planificacion FIFO completada
[1781081045] Simulacion finalizada
[1781081045] Simulacion iniciada
[1781081045] Procesos creados
[1781081045] Memoria asignada
[1781081045] Bloque de memoria liberado
[1781081045] Coalescencia ejecutada
[1781081045] Compactacion ejecutada
[1781081045] Planificacion FIFO completada
[1781081045] Simulacion finalizada
[1781081145] Simulacion iniciada
[1781081145] Procesos creados
[1781081145] Memoria asignada
[1781081145] Bloque de memoria liberado
[1781081145] Coalescencia ejecutada
[1781081145] Compactacion ejecutada
[1781081145] Planificacion FIFO completada
[1781081145] Simulacion finalizada
[1781081172] Simulacion iniciada
[1781081172] Procesos creados
[1781081172] Memoria asignada
[1781081172] Bloque de memoria liberado
[1781081172] Coalescencia ejecutada
[1781081172] Compactacion ejecutada
[1781081172] Planificacion FIFO completada
[1781081172] Simulacion finalizada
[1781081198] Simulacion iniciada
[1781081198] Procesos creados
[1781081198] Memoria asignada
[1781081198] Bloque de memoria liberado
[1781081198] Coalescencia ejecutada
[1781081198] Compactacion ejecutada
[1781081198] Planificacion FIFO completada
[1781081198] Simulacion finalizada
[1781081274] Simulacion iniciada
[1781081274] Procesos creados
[1781081274] Memoria asignada
[1781081274] Bloque de memoria liberado
[1781081274] Coalescencia ejecutada
[1781081274] Compactacion ejecutada
[1781081274] Planificacion FIFO completada
[1781081274] Simulacion finalizada
[1781081274] Simulacion iniciada
[1781081274] Procesos creados
[1781081274] Memoria asignada
[1781081274] Bloque de memoria liberado
[1781081274] Coalescencia ejecutada
[1781081274] Compactacion ejecutada
[1781081274] Planificacion FIFO completada
[1781081274] Simulacion finalizada
[1781081274] Simulacion iniciada
[1781081274] Procesos creados
[1781081274] Memoria asignada
[1781081274] Bloque de memoria liberado
[1781081274] Coalescencia ejecutada
[1781081274] Compactacion ejecutada
[1781081274] Planificacion FIFO completada
[1781081274] Simulacion finalizada
[1781081274] Simulacion iniciada
[1781081274] Procesos creados
[1781081274] Memoria asignada
[1781081274] Bloque de memoria liberado
[1781081274] Coalescencia ejecutada
[1781081274] Compactacion ejecutada
[1781081274] Planificacion FIFO completada
[1781081274] Simulacion finalizada
[1781081335] Simulacion iniciada
[1781081335] Procesos creados
[1781081335] Memoria asignada
[1781081335] Bloque de memoria liberado
[1781081335] Coalescencia ejecutada
[1781081335] Compactacion ejecutada
[1781081335] Planificacion FIFO completada
[1781081335] Simulacion finalizada
[1781081345] Simulacion iniciada
[1781081345] Procesos creados
[1781081345] Memoria asignada
[1781081345] Bloque de memoria liberado
[1781081345] Coalescencia ejecutada
[1781081345] Compactacion ejecutada
[1781081345] Planificacion FIFO completada
[1781081345] Simulacion finalizada
[1781081524] Simulacion iniciada
[1781081524] Procesos creados
[1781081524] Memoria asignada
[1781081524] Bloque de memoria liberado
[1781081524] Coalescencia ejecutada
[1781081524] Compactacion ejecutada
[1781081524] Planificacion FIFO completada
[1781081524] Simulacion finalizada
[1781081524] Simulacion iniciada
[1781081524] Procesos creados
[1781081524] Memoria asignada
[1781081524] Bloque de memoria liberado
[1781081524] Coalescencia ejecutada
[1781081524] Compactacion ejecutada
[1781081524] Planificacion FIFO completada
[1781081524] Simulacion finalizada
[1781081524] Simulacion iniciada
[1781081524] Procesos creados
[1781081524] Memoria asignada
[1781081524] Bloque de memoria liberado
[1781081524] Coalescencia ejecutada
[1781081524] Compactacion ejecutada
[1781081524] Planificacion FIFO completada
[1781081524] Simulacion finalizada
[1781081524] Simulacion iniciada
[1781081524] Procesos creados
[1781081524] Memoria asignada
[1781081524] Bloque de memoria liberado
[1781081524] Coalescencia ejecutada
[1781081524] Compactacion ejecutada
[1781081524] Planificacion FIFO completada
[1781081524] Simulacion finalizada
[1781081619] Simulacion iniciada
[1781081619] Procesos creados
[1781081619] Memoria asignada
[1781081619] Bloque de memoria liberado
[1781081619] Coalescencia ejecutada
[1781081619] Compactacion ejecutada
[1781081619] Planificacion FIFO completada
[1781081619] Simulacion finalizada
[1781081631] Simulacion iniciada
[1781081631] Procesos creados
[1781081631] Memoria asignada
[1781081631] Bloque de memoria liberado
[1781081631] Coalescencia ejecutada
[1781081631] Compactacion ejecutada
[1781081631] Planificacion FIFO completada
[1781081631] Simulacion finalizada
